Running in wrapper mode for '20007'

Running python job.

Epoch 1

/home/alexeyche/prog/alexeyche-junk/cns/cpp/scripts/../build/bin/snn_sim --constants /home/alexeyche/prog/sim_spear/eval_clustering_p_stat_structure/20007/const.json --input /home/alexeyche/prog/sim/spikes/synthetic_control_40_len_4_classes_train.pb --jobs 2 --output /home/alexeyche/prog/sim_spear/eval_clustering_p_stat_structure/20007/1_output_spikes.pb --p-stat /home/alexeyche/prog/sim_spear/eval_clustering_p_stat_structure/20007/1_p_stat.pb --save /home/alexeyche/prog/sim_spear/eval_clustering_p_stat_structure/20007/1_model.pb

time run: 4.11938786507 sec
Evaluation through clustering ...

/home/alexeyche/prog/alexeyche-junk/cns/cpp/scripts/../build/bin/snn_proc p_stat_dist --jobs 2 --output /home/alexeyche/prog/sim_spear/eval_clustering_p_stat_structure/20007/1_proc_output.json --p-stat /home/alexeyche/prog/sim_spear/eval_clustering_p_stat_structure/20007/1_p_stat.pb --spikes /home/alexeyche/prog/sim_spear/eval_clustering_p_stat_structure/20007/1_output_spikes.pb

time run: 0.120537996292 sec
----------------------------------------
Problem running the job:
(<type 'exceptions.ValueError'>, ValueError('No JSON object could be decoded',), <traceback object at 0x36e3fc8>)
Traceback (most recent call last):
  File "/home/alexeyche/distr/spearmint/spearmint/spearmint/runner.py", line 41, in job_runner
    elif job.language == PYTHON: run_python_job(job)
  File "/home/alexeyche/distr/spearmint/spearmint/spearmint/runner.py", line 131, in run_python_job
    result = module.main(job.id, params)
  File "/home/alexeyche/prog/alexeyche-junk/cns/cpp/scripts/spear_old/structure/structure.py", line 37, in main
    return evaluate(job_id, params, conf, jobs=2)[ conf['criterion_name'] ]
  File "/home/alexeyche/prog/alexeyche-junk/cns/cpp/scripts/spear_old/structure/../../common.py", line 130, in evaluate
    stat = run_sim.main(run_sim_args)
  File "/home/alexeyche/prog/alexeyche-junk/cns/cpp/scripts/spear_old/structure/../../run_sim.py", line 305, in main
    evalClusteringPStat(args, wd, ep, sim_args['--p-stat'], sim_args['--output'], stat)
  File "/home/alexeyche/prog/alexeyche-junk/cns/cpp/scripts/spear_old/structure/../../run_sim.py", line 100, in evalClusteringPStat
    j = json.load(open(json_proc))
  File "/usr/lib/python2.7/json/__init__.py", line 278, in load
    **kw)
  File "/usr/lib/python2.7/json/__init__.py", line 326, in loads
    return _default_decoder.decode(s)
  File "/usr/lib/python2.7/json/decoder.py", line 366, in decode
    obj, end = self.raw_decode(s, idx=_w(s, 0).end())
  File "/usr/lib/python2.7/json/decoder.py", line 384, in raw_decode
    raise ValueError("No JSON object could be decoded")
ValueError: No JSON object could be decoded
None
----------------------------------------
Job file reloaded.
Could not find value in output file.
Job failed in 4.25 seconds.
