Job launching after 0.20 seconds in submission.
Running python job.
Changed into dir /home/alexeyche/prog/alexeyche-junk/cns/cpp/scripts/spear/stdp
Importing stdp.py
Running stdp.main()
['learning_rules', 'Stdp', 'tau_minus']
['Stdp', 'tau_minus']
['tau_minus']
['sim_configuration', 'conn_map', '1->1', 1, 'prob']
['conn_map', '1->1', 1, 'prob']
['1->1', 1, 'prob']
[1, 'prob']
['prob']
['learning_rules', 'Stdp', 'a_plus']
['Stdp', 'a_plus']
['a_plus']
['sim_configuration', 'conn_map', '1->1', 0, 'prob']
['conn_map', '1->1', 0, 'prob']
['1->1', 0, 'prob']
[0, 'prob']
['prob']
['learning_rules', 'Stdp', 'a_minus']
['Stdp', 'a_minus']
['a_minus']
['sim_configuration', 'conn_map', '0->1', 0, 'prob']
['conn_map', '0->1', 0, 'prob']
['0->1', 0, 'prob']
[0, 'prob']
['prob']
['learning_rules', 'Stdp', 'tau_plus']
['Stdp', 'tau_plus']
['tau_plus']
Epoch 1

/home/alexeyche/prog/alexeyche-junk/cns/cpp/scripts/../build/bin/snn_sim --constants /home/alexeyche/prog/sim_spear/eval_clustering_p_stat_stdp/1/const.json --input /home/alexeyche/prog/sim/spikes/synthetic_control_40_len_4_classes_train.pb --jobs 4 --output /home/alexeyche/prog/sim_spear/eval_clustering_p_stat_stdp/1/1_output_spikes.pb --p-stat /home/alexeyche/prog/sim_spear/eval_clustering_p_stat_stdp/1/1_p_stat.pb --save /home/alexeyche/prog/sim_spear/eval_clustering_p_stat_stdp/1/1_model.pb

time run: 2.05667686462 sec
Evaluation through clustering ...

/home/alexeyche/prog/alexeyche-junk/cns/cpp/scripts/../build/bin/snn_proc p_stat_dist --jobs 4 --output /home/alexeyche/prog/sim_spear/eval_clustering_p_stat_stdp/1/1_proc_output.json --p-stat /home/alexeyche/prog/sim_spear/eval_clustering_p_stat_stdp/1/1_p_stat.pb --spikes /home/alexeyche/prog/sim_spear/eval_clustering_p_stat_stdp/1/1_output_spikes.pb

time run: 0.230827093124 sec

Rscript /home/alexeyche/prog/alexeyche-junk/cns/cpp/scripts/eval_dist_matrix.R /home/alexeyche/prog/sim_spear/eval_clustering_p_stat_stdp/1/1_proc_output.json

time run: 0.179260015488 sec
eval : -0.2143569 mean_rate : 0.105357
Epoch 2

/home/alexeyche/prog/alexeyche-junk/cns/cpp/scripts/../build/bin/snn_sim --constants /home/alexeyche/prog/sim_spear/eval_clustering_p_stat_stdp/1/const.json --input /home/alexeyche/prog/sim/spikes/synthetic_control_40_len_4_classes_train.pb --jobs 4 --load /home/alexeyche/prog/sim_spear/eval_clustering_p_stat_stdp/1/1_model.pb --output /home/alexeyche/prog/sim_spear/eval_clustering_p_stat_stdp/1/2_output_spikes.pb --p-stat /home/alexeyche/prog/sim_spear/eval_clustering_p_stat_stdp/1/2_p_stat.pb --save /home/alexeyche/prog/sim_spear/eval_clustering_p_stat_stdp/1/2_model.pb

time run: 2.02005195618 sec
Evaluation through clustering ...

/home/alexeyche/prog/alexeyche-junk/cns/cpp/scripts/../build/bin/snn_proc p_stat_dist --jobs 4 --output /home/alexeyche/prog/sim_spear/eval_clustering_p_stat_stdp/1/2_proc_output.json --p-stat /home/alexeyche/prog/sim_spear/eval_clustering_p_stat_stdp/1/2_p_stat.pb --spikes /home/alexeyche/prog/sim_spear/eval_clustering_p_stat_stdp/1/2_output_spikes.pb

time run: 0.228234052658 sec

Rscript /home/alexeyche/prog/alexeyche-junk/cns/cpp/scripts/eval_dist_matrix.R /home/alexeyche/prog/sim_spear/eval_clustering_p_stat_stdp/1/2_proc_output.json

time run: 0.166165113449 sec
eval : -0.707193 mean_rate : 0.100357
Epoch 3

/home/alexeyche/prog/alexeyche-junk/cns/cpp/scripts/../build/bin/snn_sim --constants /home/alexeyche/prog/sim_spear/eval_clustering_p_stat_stdp/1/const.json --input /home/alexeyche/prog/sim/spikes/synthetic_control_40_len_4_classes_train.pb --jobs 4 --load /home/alexeyche/prog/sim_spear/eval_clustering_p_stat_stdp/1/2_model.pb --output /home/alexeyche/prog/sim_spear/eval_clustering_p_stat_stdp/1/3_output_spikes.pb --p-stat /home/alexeyche/prog/sim_spear/eval_clustering_p_stat_stdp/1/3_p_stat.pb --save /home/alexeyche/prog/sim_spear/eval_clustering_p_stat_stdp/1/3_model.pb

time run: 2.20068097115 sec
Evaluation through clustering ...

/home/alexeyche/prog/alexeyche-junk/cns/cpp/scripts/../build/bin/snn_proc p_stat_dist --jobs 4 --output /home/alexeyche/prog/sim_spear/eval_clustering_p_stat_stdp/1/3_proc_output.json --p-stat /home/alexeyche/prog/sim_spear/eval_clustering_p_stat_stdp/1/3_p_stat.pb --spikes /home/alexeyche/prog/sim_spear/eval_clustering_p_stat_stdp/1/3_output_spikes.pb

time run: 0.235256910324 sec

Rscript /home/alexeyche/prog/alexeyche-junk/cns/cpp/scripts/eval_dist_matrix.R /home/alexeyche/prog/sim_spear/eval_clustering_p_stat_stdp/1/3_proc_output.json

time run: 0.173869132996 sec
eval : -0.2885342 mean_rate : 0.0867857
Epoch 4

/home/alexeyche/prog/alexeyche-junk/cns/cpp/scripts/../build/bin/snn_sim --constants /home/alexeyche/prog/sim_spear/eval_clustering_p_stat_stdp/1/const.json --input /home/alexeyche/prog/sim/spikes/synthetic_control_40_len_4_classes_train.pb --jobs 4 --load /home/alexeyche/prog/sim_spear/eval_clustering_p_stat_stdp/1/3_model.pb --output /home/alexeyche/prog/sim_spear/eval_clustering_p_stat_stdp/1/4_output_spikes.pb --p-stat /home/alexeyche/prog/sim_spear/eval_clustering_p_stat_stdp/1/4_p_stat.pb --save /home/alexeyche/prog/sim_spear/eval_clustering_p_stat_stdp/1/4_model.pb

time run: 2.03737711906 sec
Evaluation through clustering ...

/home/alexeyche/prog/alexeyche-junk/cns/cpp/scripts/../build/bin/snn_proc p_stat_dist --jobs 4 --output /home/alexeyche/prog/sim_spear/eval_clustering_p_stat_stdp/1/4_proc_output.json --p-stat /home/alexeyche/prog/sim_spear/eval_clustering_p_stat_stdp/1/4_p_stat.pb --spikes /home/alexeyche/prog/sim_spear/eval_clustering_p_stat_stdp/1/4_output_spikes.pb

time run: 0.233617782593 sec

Rscript /home/alexeyche/prog/alexeyche-junk/cns/cpp/scripts/eval_dist_matrix.R /home/alexeyche/prog/sim_spear/eval_clustering_p_stat_stdp/1/4_proc_output.json

time run: 0.177039146423 sec
eval : -0.4823352 mean_rate : 0.0946429
Epoch 5

/home/alexeyche/prog/alexeyche-junk/cns/cpp/scripts/../build/bin/snn_sim --constants /home/alexeyche/prog/sim_spear/eval_clustering_p_stat_stdp/1/const.json --input /home/alexeyche/prog/sim/spikes/synthetic_control_40_len_4_classes_train.pb --jobs 4 --load /home/alexeyche/prog/sim_spear/eval_clustering_p_stat_stdp/1/4_model.pb --output /home/alexeyche/prog/sim_spear/eval_clustering_p_stat_stdp/1/5_output_spikes.pb --p-stat /home/alexeyche/prog/sim_spear/eval_clustering_p_stat_stdp/1/5_p_stat.pb --save /home/alexeyche/prog/sim_spear/eval_clustering_p_stat_stdp/1/5_model.pb

time run: 2.05143809319 sec
Evaluation through clustering ...

/home/alexeyche/prog/alexeyche-junk/cns/cpp/scripts/../build/bin/snn_proc p_stat_dist --jobs 4 --output /home/alexeyche/prog/sim_spear/eval_clustering_p_stat_stdp/1/5_proc_output.json --p-stat /home/alexeyche/prog/sim_spear/eval_clustering_p_stat_stdp/1/5_p_stat.pb --spikes /home/alexeyche/prog/sim_spear/eval_clustering_p_stat_stdp/1/5_output_spikes.pb

time run: 0.229521036148 sec

Rscript /home/alexeyche/prog/alexeyche-junk/cns/cpp/scripts/eval_dist_matrix.R /home/alexeyche/prog/sim_spear/eval_clustering_p_stat_stdp/1/5_proc_output.json

time run: 0.173572063446 sec
eval : -0.4049999 mean_rate : 0.102857
Epoch 6

/home/alexeyche/prog/alexeyche-junk/cns/cpp/scripts/../build/bin/snn_sim --constants /home/alexeyche/prog/sim_spear/eval_clustering_p_stat_stdp/1/const.json --input /home/alexeyche/prog/sim/spikes/synthetic_control_40_len_4_classes_train.pb --jobs 4 --load /home/alexeyche/prog/sim_spear/eval_clustering_p_stat_stdp/1/5_model.pb --output /home/alexeyche/prog/sim_spear/eval_clustering_p_stat_stdp/1/6_output_spikes.pb --p-stat /home/alexeyche/prog/sim_spear/eval_clustering_p_stat_stdp/1/6_p_stat.pb --save /home/alexeyche/prog/sim_spear/eval_clustering_p_stat_stdp/1/6_model.pb

time run: 2.04941511154 sec
Evaluation through clustering ...

/home/alexeyche/prog/alexeyche-junk/cns/cpp/scripts/../build/bin/snn_proc p_stat_dist --jobs 4 --output /home/alexeyche/prog/sim_spear/eval_clustering_p_stat_stdp/1/6_proc_output.json --p-stat /home/alexeyche/prog/sim_spear/eval_clustering_p_stat_stdp/1/6_p_stat.pb --spikes /home/alexeyche/prog/sim_spear/eval_clustering_p_stat_stdp/1/6_output_spikes.pb

time run: 0.223137140274 sec

Rscript /home/alexeyche/prog/alexeyche-junk/cns/cpp/scripts/eval_dist_matrix.R /home/alexeyche/prog/sim_spear/eval_clustering_p_stat_stdp/1/6_proc_output.json

time run: 0.166707992554 sec
eval : -0.593652 mean_rate : 0.0942857
Epoch 7

/home/alexeyche/prog/alexeyche-junk/cns/cpp/scripts/../build/bin/snn_sim --constants /home/alexeyche/prog/sim_spear/eval_clustering_p_stat_stdp/1/const.json --input /home/alexeyche/prog/sim/spikes/synthetic_control_40_len_4_classes_train.pb --jobs 4 --load /home/alexeyche/prog/sim_spear/eval_clustering_p_stat_stdp/1/6_model.pb --output /home/alexeyche/prog/sim_spear/eval_clustering_p_stat_stdp/1/7_output_spikes.pb --p-stat /home/alexeyche/prog/sim_spear/eval_clustering_p_stat_stdp/1/7_p_stat.pb --save /home/alexeyche/prog/sim_spear/eval_clustering_p_stat_stdp/1/7_model.pb

time run: 2.10639309883 sec
Evaluation through clustering ...

/home/alexeyche/prog/alexeyche-junk/cns/cpp/scripts/../build/bin/snn_proc p_stat_dist --jobs 4 --output /home/alexeyche/prog/sim_spear/eval_clustering_p_stat_stdp/1/7_proc_output.json --p-stat /home/alexeyche/prog/sim_spear/eval_clustering_p_stat_stdp/1/7_p_stat.pb --spikes /home/alexeyche/prog/sim_spear/eval_clustering_p_stat_stdp/1/7_output_spikes.pb

time run: 0.227092981339 sec

Rscript /home/alexeyche/prog/alexeyche-junk/cns/cpp/scripts/eval_dist_matrix.R /home/alexeyche/prog/sim_spear/eval_clustering_p_stat_stdp/1/7_proc_output.json

time run: 0.166210889816 sec
eval : -0.1958832 mean_rate : 0.0985714
Epoch 8

/home/alexeyche/prog/alexeyche-junk/cns/cpp/scripts/../build/bin/snn_sim --constants /home/alexeyche/prog/sim_spear/eval_clustering_p_stat_stdp/1/const.json --input /home/alexeyche/prog/sim/spikes/synthetic_control_40_len_4_classes_train.pb --jobs 4 --load /home/alexeyche/prog/sim_spear/eval_clustering_p_stat_stdp/1/7_model.pb --output /home/alexeyche/prog/sim_spear/eval_clustering_p_stat_stdp/1/8_output_spikes.pb --p-stat /home/alexeyche/prog/sim_spear/eval_clustering_p_stat_stdp/1/8_p_stat.pb --save /home/alexeyche/prog/sim_spear/eval_clustering_p_stat_stdp/1/8_model.pb

time run: 1.99377512932 sec
Evaluation through clustering ...

/home/alexeyche/prog/alexeyche-junk/cns/cpp/scripts/../build/bin/snn_proc p_stat_dist --jobs 4 --output /home/alexeyche/prog/sim_spear/eval_clustering_p_stat_stdp/1/8_proc_output.json --p-stat /home/alexeyche/prog/sim_spear/eval_clustering_p_stat_stdp/1/8_p_stat.pb --spikes /home/alexeyche/prog/sim_spear/eval_clustering_p_stat_stdp/1/8_output_spikes.pb

time run: 0.223321199417 sec

Rscript /home/alexeyche/prog/alexeyche-junk/cns/cpp/scripts/eval_dist_matrix.R /home/alexeyche/prog/sim_spear/eval_clustering_p_stat_stdp/1/8_proc_output.json

time run: 0.167591094971 sec
eval : -0.7025011 mean_rate : 0.0939286
Epoch 9

/home/alexeyche/prog/alexeyche-junk/cns/cpp/scripts/../build/bin/snn_sim --constants /home/alexeyche/prog/sim_spear/eval_clustering_p_stat_stdp/1/const.json --input /home/alexeyche/prog/sim/spikes/synthetic_control_40_len_4_classes_train.pb --jobs 4 --load /home/alexeyche/prog/sim_spear/eval_clustering_p_stat_stdp/1/8_model.pb --output /home/alexeyche/prog/sim_spear/eval_clustering_p_stat_stdp/1/9_output_spikes.pb --p-stat /home/alexeyche/prog/sim_spear/eval_clustering_p_stat_stdp/1/9_p_stat.pb --save /home/alexeyche/prog/sim_spear/eval_clustering_p_stat_stdp/1/9_model.pb

time run: 1.98323893547 sec
Evaluation through clustering ...

/home/alexeyche/prog/alexeyche-junk/cns/cpp/scripts/../build/bin/snn_proc p_stat_dist --jobs 4 --output /home/alexeyche/prog/sim_spear/eval_clustering_p_stat_stdp/1/9_proc_output.json --p-stat /home/alexeyche/prog/sim_spear/eval_clustering_p_stat_stdp/1/9_p_stat.pb --spikes /home/alexeyche/prog/sim_spear/eval_clustering_p_stat_stdp/1/9_output_spikes.pb

time run: 0.221833944321 sec

Rscript /home/alexeyche/prog/alexeyche-junk/cns/cpp/scripts/eval_dist_matrix.R /home/alexeyche/prog/sim_spear/eval_clustering_p_stat_stdp/1/9_proc_output.json

time run: 0.168079137802 sec
eval : -0.3547106 mean_rate : 0.0921429
Epoch 10

/home/alexeyche/prog/alexeyche-junk/cns/cpp/scripts/../build/bin/snn_sim --constants /home/alexeyche/prog/sim_spear/eval_clustering_p_stat_stdp/1/const.json --input /home/alexeyche/prog/sim/spikes/synthetic_control_40_len_4_classes_train.pb --jobs 4 --load /home/alexeyche/prog/sim_spear/eval_clTraceback (most recent call last):
  File "/usr/local/lib/python2.7/dist-packages/spearmint-0.1-py2.7.egg/spearmint/launcher.py", line 243, in launch
    result = python_launcher(job)
  File "/usr/local/lib/python2.7/dist-packages/spearmint-0.1-py2.7.egg/spearmint/launcher.py", line 327, in python_launcher
    result = module.main(job['id'], params)
  File "/home/alexeyche/prog/alexeyche-junk/cns/cpp/scripts/spear/stdp/stdp.py", line 28, in main
    return evaluate(job_id, params, conf)
  File "/home/alexeyche/prog/alexeyche-junk/cns/cpp/scripts/spear/stdp/../../common.py", line 59, in evaluate
    stat = run_sim.main(run_sim_args)
  File "/home/alexeyche/prog/alexeyche-junk/cns/cpp/scripts/spear/stdp/../../run_sim.py", line 199, in main
    runProcess(args.snn_sim_bin, sim_args, wd_file("%s_output.log" % ep), verbose = args.verbose)
  File "/home/alexeyche/prog/alexeyche-junk/cns/cpp/scripts/spear/stdp/../../run_sim.py", line 70, in runProcess
    sys.exit(1)
SystemExit: 1
Problem executing the function
Job failed in 29.27 seconds.
ustering_p_stat_stdp/1/9_model.pb --output /home/alexeyche/prog/sim_spear/eval_clustering_p_stat_stdp/1/10_output_spikes.pb --p-stat /home/alexeyche/prog/sim_spear/eval_clustering_p_stat_stdp/1/10_p_stat.pb --save /home/alexeyche/prog/sim_spear/eval_clustering_p_stat_stdp/1/10_model.pb

time run: 2.09848809242 sec
Evaluation through clustering ...

/home/alexeyche/prog/alexeyche-junk/cns/cpp/scripts/../build/bin/snn_proc p_stat_dist --jobs 4 --output /home/alexeyche/prog/sim_spear/eval_clustering_p_stat_stdp/1/10_proc_output.json --p-stat /home/alexeyche/prog/sim_spear/eval_clustering_p_stat_stdp/1/10_p_stat.pb --spikes /home/alexeyche/prog/sim_spear/eval_clustering_p_stat_stdp/1/10_output_spikes.pb

time run: 0.229582071304 sec

Rscript /home/alexeyche/prog/alexeyche-junk/cns/cpp/scripts/eval_dist_matrix.R /home/alexeyche/prog/sim_spear/eval_clustering_p_stat_stdp/1/10_proc_output.json

time run: 0.17165017128 sec
eval : -0.2496369 mean_rate : 0.0992857
Epoch 11

/home/alexeyche/prog/alexeyche-junk/cns/cpp/scripts/../build/bin/snn_sim --constants /home/alexeyche/prog/sim_spear/eval_clustering_p_stat_stdp/1/const.json --input /home/alexeyche/prog/sim/spikes/synthetic_control_40_len_4_classes_train.pb --jobs 4 --load /home/alexeyche/prog/sim_spear/eval_clustering_p_stat_stdp/1/10_model.pb --output /home/alexeyche/prog/sim_spear/eval_clustering_p_stat_stdp/1/11_output_spikes.pb --p-stat /home/alexeyche/prog/sim_spear/eval_clustering_p_stat_stdp/1/11_p_stat.pb --save /home/alexeyche/prog/sim_spear/eval_clustering_p_stat_stdp/1/11_model.pb

time run: 2.25774002075 sec
Evaluation through clustering ...

/home/alexeyche/prog/alexeyche-junk/cns/cpp/scripts/../build/bin/snn_proc p_stat_dist --jobs 4 --output /home/alexeyche/prog/sim_spear/eval_clustering_p_stat_stdp/1/11_proc_output.json --p-stat /home/alexeyche/prog/sim_spear/eval_clustering_p_stat_stdp/1/11_p_stat.pb --spikes /home/alexeyche/prog/sim_spear/eval_clustering_p_stat_stdp/1/11_output_spikes.pb

time run: 0.267551183701 sec

Rscript /home/alexeyche/prog/alexeyche-junk/cns/cpp/scripts/eval_dist_matrix.R /home/alexeyche/prog/sim_spear/eval_clustering_p_stat_stdp/1/11_proc_output.json

time run: 0.201999902725 sec
eval : -1.019036 mean_rate : 0.0935714
Epoch 12

/home/alexeyche/prog/alexeyche-junk/cns/cpp/scripts/../build/bin/snn_sim --constants /home/alexeyche/prog/sim_spear/eval_clustering_p_stat_stdp/1/const.json --input /home/alexeyche/prog/sim/spikes/synthetic_control_40_len_4_classes_train.pb --jobs 4 --load /home/alexeyche/prog/sim_spear/eval_clustering_p_stat_stdp/1/11_model.pb --output /home/alexeyche/prog/sim_spear/eval_clustering_p_stat_stdp/1/12_output_spikes.pb --p-stat /home/alexeyche/prog/sim_spear/eval_clustering_p_stat_stdp/1/12_p_stat.pb --save /home/alexeyche/prog/sim_spear/eval_clustering_p_stat_stdp/1/12_model.pb

Bye
time run: 1.90497207642 sec
Run failed: 
(<type 'exceptions.SystemExit'>, SystemExit(1,), <traceback object at 0x1f52050>)
