1000
== Sim Constants ==
AdExNeuron == C: 100, t_ref: 5, gL: 1, EL: 0, slope: 0, tau_a: 100, a: 0, b: 0, u_rest: 0, u_tr: 1
AdExNeuron_Net == C: 100, t_ref: 5, gL: 1, EL: 0, slope: 0, tau_a: 100, a: 0, b: 0, u_rest: 0, u_tr: 15
SRMNeuron == tau_refr: 2.5, amp_refr: , tau_adapt: 300, amp_adapt: 1, u_rest: 0
SigmaTuningCurve == sigma: [0.01,0.01], intercept: [-1,1], gain: [70,70], prob_next_sigma: 0, max_sigma_num: 1
Synapse == epsp_decay: 20, amp: 1
Synapse_Inh == epsp_decay: 20, amp: -1
Determ == u_tr: 1
Determ_Net == u_tr: 9
ExpHennequin == u_tr: 15, p_rest: 0.1, beta: 1, r0: 9.25
ExpHennequin_Strict == u_tr: 15, p_rest: 0.1, beta: 2, r0: 9.25
ActivityDependentSlide == target_rate: 10, tau_mean: 60000
MeanActivityHomeostasis == tau_mean: 10000, gamma: 0.1, scaling_factor: 1
MinMax == w_max: 15, nu_plus: 0.01, nu_minus: 0.01
NonlinearMinMax == w_max: 10, mu: 0.5, depression_factor: 1
SoftMinMax == w_max: 10, nu_plus: 0.1, nu_minus: 0.1
BCMRule == tau_x: 100, tau_y: 100, tau_mean: 10000, learning_rate: 0.001
MaxLikelihood == tau_el: 100, learning_rate: 0.003, input_target: 0
OptimalStdp == tau_c: 100, tau_mean: 60000, target_rate: 10, target_rate_factor: 1, learning_rate: 0.1, weight_decay: 0.01
Stdp == tau_minus: 50, tau_plus: 30, a_plus: 1, a_minus: 1.5, learning_rate: 2.5
TripleStdp == tau_minus: 33.7, tau_plus: 16.8, tau_y: 150, tau_x: 150, a2_plus: 0.61, a2_minus: 0.16, learning_rate: 0.1, a3_plus: 0.67, a3_minus: 0.14
TripleStdpMin == tau_minus: 33.7, tau_plus: 16.8, tau_y: 114, a2_minus: 1, learning_rate: 0.1, a3_plus: 0.2456
InputClassification == ltp: 1, ltd: -1
Likelihood == 
== Sim Configuration ==
input_layers_conf: 
LayerConf(size: 100, NeuronConf(neuron: AdExNeuron, learning_rule: , tuning_curve : SigmaTuningCurve, act_func: Determ, axon_delay_distr: Exp(0, 0), reward_modulation: , weight_normalization: ), wta: 0),

net_layers_conf: 
LayerConf(size: 100, NeuronConf(neuron: SRMNeuron, learning_rule: Stdp, tuning_curve : , act_func: ExpHennequin, axon_delay_distr: Exp(0, 0), reward_modulation: , weight_normalization: MinMax), wta: 0),

conn_map: 
0->1, 
	ConnectionConf(prob: 1, weight_distr: Norm(6.74242, 0.5), type: Synapse, dendrite_delay_distr: Exp(0, 0))

1->1, 
	ConnectionConf(prob: 0.05, weight_distr: Norm(6.74242, 0.5), type: Synapse, dendrite_delay_distr: Exp(0, 0))
ConnectionConf(prob: 0.05, weight_distr: Norm(6.74242, 0.5), type: Synapse_Inh, dendrite_delay_distr: Exp(0, 0))

reinforce_map: 
time_series_map_conf: dt : 2, gap_between_patterns: 200
sim_run_conf: dt: 1 seed: -1 start_rate: 20, wta_max_freq: 100

neurons_to_listen: 100,151,

Configuring connection map and dispatch spikes on queues...
Done
Running simulation...
Done
