Determining if the pthread_create exist failed with the following output:
Change Dir: /home/alexeyche/prog/alexeyche-junk/cns/cpp/build/CMakeFiles/CMakeTmp

Run Build Command:/usr/bin/make "cmTryCompileExec904366375/fast"
/usr/bin/make -f CMakeFiles/cmTryCompileExec904366375.dir/build.make CMakeFiles/cmTryCompileExec904366375.dir/build
make[1]: Entering directory `/home/alexeyche/prog/alexeyche-junk/cns/cpp/build/CMakeFiles/CMakeTmp'
/usr/bin/cmake -E cmake_progress_report /home/alexeyche/prog/alexeyche-junk/cns/cpp/build/CMakeFiles/CMakeTmp/CMakeFiles 1
Building C object CMakeFiles/cmTryCompileExec904366375.dir/CheckSymbolExists.c.o
/usr/bin/cc    -o CMakeFiles/cmTryCompileExec904366375.dir/CheckSymbolExists.c.o   -c /home/alexeyche/prog/alexeyche-junk/cns/cpp/build/CMakeFiles/CMakeTmp/CheckSymbolExists.c
Linking C executable cmTryCompileExec904366375
/usr/bin/cmake -E cmake_link_script CMakeFiles/cmTryCompileExec904366375.dir/link.txt --verbose=1
/usr/bin/cc         CMakeFiles/cmTryCompileExec904366375.dir/CheckSymbolExists.c.o  -o cmTryCompileExec904366375 -rdynamic 
CMakeFiles/cmTryCompileExec904366375.dir/CheckSymbolExists.c.o: In function `main':
CheckSymbolExists.c:(.text+0x16): undefined reference to `pthread_create'
collect2: error: ld returned 1 exit status
make[1]: *** [cmTryCompileExec904366375] Error 1
make[1]: Leaving directory `/home/alexeyche/prog/alexeyche-junk/cns/cpp/build/CMakeFiles/CMakeTmp'
make: *** [cmTryCompileExec904366375/fast] Error 2

File /home/alexeyche/prog/alexeyche-junk/cns/cpp/build/CMakeFiles/CMakeTmp/CheckSymbolExists.c:
/* */
#include <pthread.h>

int main(int argc, char** argv)
{
  (void)argv;
#ifndef pthread_create
  return ((int*)(&pthread_create))[argc];
#else
  (void)argc;
  return 0;
#endif
}

Determining if the function pthread_create exists in the pthreads failed with the following output:
Change Dir: /home/alexeyche/prog/alexeyche-junk/cns/cpp/build/CMakeFiles/CMakeTmp

Run Build Command:/usr/bin/make "cmTryCompileExec3782176593/fast"
/usr/bin/make -f CMakeFiles/cmTryCompileExec3782176593.dir/build.make CMakeFiles/cmTryCompileExec3782176593.dir/build
make[1]: Entering directory `/home/alexeyche/prog/alexeyche-junk/cns/cpp/build/CMakeFiles/CMakeTmp'
/usr/bin/cmake -E cmake_progress_report /home/alexeyche/prog/alexeyche-junk/cns/cpp/build/CMakeFiles/CMakeTmp/CMakeFiles 1
Building C object CMakeFiles/cmTryCompileExec3782176593.dir/CheckFunctionExists.c.o
/usr/bin/cc   -DCHECK_FUNCTION_EXISTS=pthread_create   -o CMakeFiles/cmTryCompileExec3782176593.dir/CheckFunctionExists.c.o   -c /usr/share/cmake-2.8/Modules/CheckFunctionExists.c
Linking C executable cmTryCompileExec3782176593
/usr/bin/cmake -E cmake_link_script CMakeFiles/cmTryCompileExec3782176593.dir/link.txt --verbose=1
/usr/bin/cc     -DCHECK_FUNCTION_EXISTS=pthread_create    CMakeFiles/cmTryCompileExec3782176593.dir/CheckFunctionExists.c.o  -o cmTryCompileExec3782176593 -rdynamic -lpthreads 
/usr/bin/ld: cannot find -lpthreads
collect2: error: ld returned 1 exit status
make[1]: *** [cmTryCompileExec3782176593] Error 1
make[1]: Leaving directory `/home/alexeyche/prog/alexeyche-junk/cns/cpp/build/CMakeFiles/CMakeTmp'
make: *** [cmTryCompileExec3782176593/fast] Error 2


