
Profiling started at Fri Jul 18 10:56:53 2014
Profiling stopped at Fri Jul 18 10:59:06 2014

-- OProfile/operf Statistics --
Nr. non-backtrace samples: 9289364
Nr. kernel samples: 360529
Nr. user space samples: 8928835
Nr. samples lost due to sample address not in expected range for domain: 0
Nr. lost kernel samples: 0
Nr. samples lost due to sample file open failure: 0
Nr. samples lost due to no permanent mapping: 0
Nr. user context kernel samples lost due to no app info available: 0
Nr. user samples lost due to no app info available: 0
Nr. backtraces skipped due to no file mapping: 0
Nr. hypervisor samples dropped due to address out-of-range: 0
Nr. samples lost reported by perf_events kernel: 0

Profiling started at Fri Jul 18 11:11:10 2014
Profiling stopped at Fri Jul 18 11:14:49 2014

-- OProfile/operf Statistics --
Nr. non-backtrace samples: 9817904
Nr. kernel samples: 454852
Nr. user space samples: 9363052
Nr. samples lost due to sample address not in expected range for domain: 0
Nr. lost kernel samples: 0
Nr. samples lost due to sample file open failure: 0
Nr. samples lost due to no permanent mapping: 0
Nr. user context kernel samples lost due to no app info available: 0
Nr. user samples lost due to no app info available: 0
Nr. backtraces skipped due to no file mapping: 0
Nr. hypervisor samples dropped due to address out-of-range: 0
Nr. samples lost reported by perf_events kernel: 0

Profiling started at Sun Jul 20 00:47:17 2014
Profiling stopped at Sun Jul 20 00:48:27 2014

-- OProfile/operf Statistics --
Nr. non-backtrace samples: 7000627
Nr. kernel samples: 94225
Nr. user space samples: 6906402
Nr. samples lost due to sample address not in expected range for domain: 0
Nr. lost kernel samples: 0
Nr. samples lost due to sample file open failure: 0
Nr. samples lost due to no permanent mapping: 0
Nr. user context kernel samples lost due to no app info available: 0
Nr. user samples lost due to no app info available: 0
Nr. backtraces skipped due to no file mapping: 0
Nr. hypervisor samples dropped due to address out-of-range: 0
Nr. samples lost reported by perf_events kernel: 0

Profiling started at Sun Jul 20 00:49:52 2014
Profiling stopped at Sun Jul 20 00:51:00 2014

-- OProfile/operf Statistics --
Nr. non-backtrace samples: 7026669
Nr. kernel samples: 92703
Nr. user space samples: 6933966
Nr. samples lost due to sample address not in expected range for domain: 0
Nr. lost kernel samples: 0
Nr. samples lost due to sample file open failure: 0
Nr. samples lost due to no permanent mapping: 0
Nr. user context kernel samples lost due to no app info available: 0
Nr. user samples lost due to no app info available: 0
Nr. backtraces skipped due to no file mapping: 0
Nr. hypervisor samples dropped due to address out-of-range: 0
Nr. samples lost reported by perf_events kernel: 0

Profiling started at Sun Jul 20 00:52:14 2014
Profiling stopped at Sun Jul 20 00:52:44 2014

-- OProfile/operf Statistics --
Nr. non-backtrace samples: 3075864
Nr. kernel samples: 44823
Nr. user space samples: 3031041
Nr. samples lost due to sample address not in expected range for domain: 0
Nr. lost kernel samples: 0
Nr. samples lost due to sample file open failure: 0
Nr. samples lost due to no permanent mapping: 0
Nr. user context kernel samples lost due to no app info available: 0
Nr. user samples lost due to no app info available: 0
Nr. backtraces skipped due to no file mapping: 0
Nr. hypervisor samples dropped due to address out-of-range: 0
Nr. samples lost reported by perf_events kernel: 0

Profiling started at Sun Jul 20 00:57:58 2014
Profiling stopped at Sun Jul 20 01:00:08 2014

-- OProfile/operf Statistics --
Nr. non-backtrace samples: 13868367
Nr. kernel samples: 130582
Nr. user space samples: 13737785
Nr. samples lost due to sample address not in expected range for domain: 0
Nr. lost kernel samples: 0
Nr. samples lost due to sample file open failure: 0
Nr. samples lost due to no permanent mapping: 0
Nr. user context kernel samples lost due to no app info available: 0
Nr. user samples lost due to no app info available: 0
Nr. backtraces skipped due to no file mapping: 0
Nr. hypervisor samples dropped due to address out-of-range: 0
Nr. samples lost reported by perf_events kernel: 0
