This file contains any messages produced by compilers while
running configure, to aid debugging if configure makes a mistake.

It was created by snn_sim configure 0.1, which was
generated by GNU Autoconf 2.68.  Invocation command line was

  $ ./configure --no-create --no-recursion

## --------- ##
## Platform. ##
## --------- ##

hostname = alexeyche-lat
uname -m = x86_64
uname -r = 3.13.0-32-generic
uname -s = Linux
uname -v = #57~precise1-Ubuntu SMP Tue Jul 15 03:51:20 UTC 2014

/usr/bin/uname -p = unknown
/bin/uname -X     = unknown

/bin/arch              = unknown
/usr/bin/arch -k       = unknown
/usr/convex/getsysinfo = unknown
/usr/bin/hostinfo      = unknown
/bin/machine           = unknown
/usr/bin/oslevel       = unknown
/bin/universe          = unknown

PATH: /usr/lib/lightdm/lightdm
PATH: /usr/local/sbin
PATH: /usr/local/bin
PATH: /usr/sbin
PATH: /usr/bin
PATH: /sbin
PATH: /bin
PATH: /usr/games


## ----------- ##
## Core tests. ##
## ----------- ##

configure:2278: checking for a BSD-compatible install
configure:2346: result: /usr/bin/install -c
configure:2357: checking whether build environment is sane
configure:2407: result: yes
configure:2548: checking for a thread-safe mkdir -p
configure:2587: result: /bin/mkdir -p
configure:2600: checking for gawk
configure:2616: found /usr/bin/gawk
configure:2627: result: gawk
configure:2638: checking whether make sets $(MAKE)
configure:2660: result: yes
configure:2790: checking for gcc
configure:2806: found /usr/bin/gcc
configure:2817: result: gcc
configure:3046: checking for C compiler version
configure:3055: gcc --version >&5
gcc (Ubuntu/Linaro 4.6.3-1ubuntu5) 4.6.3
Copyright (C) 2011 Free Software Foundation, Inc.
This is free software; see the source for copying conditions.  There is NO
warranty; not even for MERCHANTABILITY or FITNESS FOR A PARTICULAR PURPOSE.

configure:3066: $? = 0
configure:3055: gcc -v >&5
Using built-in specs.
COLLECT_GCC=gcc
COLLECT_LTO_WRAPPER=/usr/lib/gcc/x86_64-linux-gnu/4.6/lto-wrapper
Target: x86_64-linux-gnu
Configured with: ../src/configure -v --with-pkgversion='Ubuntu/Linaro 4.6.3-1ubuntu5' --with-bugurl=file:///usr/share/doc/gcc-4.6/README.Bugs --enable-languages=c,c++,fortran,objc,obj-c++ --prefix=/usr --program-suffix=-4.6 --enable-shared --enable-linker-build-id --with-system-zlib --libexecdir=/usr/lib --without-included-gettext --enable-threads=posix --with-gxx-include-dir=/usr/include/c++/4.6 --libdir=/usr/lib --enable-nls --with-sysroot=/ --enable-clocale=gnu --enable-libstdcxx-debug --enable-libstdcxx-time=yes --enable-gnu-unique-object --enable-plugin --enable-objc-gc --disable-werror --with-arch-32=i686 --with-tune=generic --enable-checking=release --build=x86_64-linux-gnu --host=x86_64-linux-gnu --target=x86_64-linux-gnu
Thread model: posix
gcc version 4.6.3 (Ubuntu/Linaro 4.6.3-1ubuntu5) 
configure:3066: $? = 0
configure:3055: gcc -V >&5
gcc: error: unrecognized option '-V'
gcc: fatal error: no input files
compilation terminated.
configure:3066: $? = 4
configure:3055: gcc -qversion >&5
gcc: error: unrecognized option '-qversion'
gcc: fatal error: no input files
compilation terminated.
configure:3066: $? = 4
configure:3086: checking whether the C compiler works
configure:3108: gcc    conftest.c  >&5
configure:3112: $? = 0
configure:3160: result: yes
configure:3163: checking for C compiler default output file name
configure:3165: result: a.out
configure:3171: checking for suffix of executables
configure:3178: gcc -o conftest    conftest.c  >&5
configure:3182: $? = 0
configure:3204: result: 
configure:3226: checking whether we are cross compiling
configure:3234: gcc -o conftest    conftest.c  >&5
configure:3238: $? = 0
configure:3245: ./conftest
configure:3249: $? = 0
configure:3264: result: no
configure:3269: checking for suffix of object files
configure:3291: gcc -c   conftest.c >&5
configure:3295: $? = 0
configure:3316: result: o
configure:3320: checking whether we are using the GNU C compiler
configure:3339: gcc -c   conftest.c >&5
configure:3339: $? = 0
configure:3348: result: yes
configure:3357: checking whether gcc accepts -g
configure:3377: gcc -c -g  conftest.c >&5
configure:3377: $? = 0
configure:3418: result: yes
configure:3435: checking for gcc option to accept ISO C89
configure:3499: gcc  -c -g -O2  conftest.c >&5
configure:3499: $? = 0
configure:3512: result: none needed
configure:3543: checking for style of include used by make
configure:3571: result: GNU
configure:3597: checking dependency style of gcc
configure:3708: result: gcc3
configure:3733: checking how to run the C preprocessor
configure:3764: gcc -E  conftest.c
configure:3764: $? = 0
configure:3778: gcc -E  conftest.c
conftest.c:11:28: fatal error: ac_nonexistent.h: No such file or directory
compilation terminated.
configure:3778: $? = 1
configure: failed program was:
| /* confdefs.h */
| #define PACKAGE_NAME "snn_sim"
| #define PACKAGE_TARNAME "snn_sim"
| #define PACKAGE_VERSION "0.1"
| #define PACKAGE_STRING "snn_sim 0.1"
| #define PACKAGE_BUGREPORT "alexey.chernushev@gmail.com"
| #define PACKAGE_URL ""
| #define PACKAGE "snn_sim"
| #define VERSION "0.1"
| /* end confdefs.h.  */
| #include <ac_nonexistent.h>
configure:3803: result: gcc -E
configure:3823: gcc -E  conftest.c
configure:3823: $? = 0
configure:3837: gcc -E  conftest.c
conftest.c:11:28: fatal error: ac_nonexistent.h: No such file or directory
compilation terminated.
configure:3837: $? = 1
configure: failed program was:
| /* confdefs.h */
| #define PACKAGE_NAME "snn_sim"
| #define PACKAGE_TARNAME "snn_sim"
| #define PACKAGE_VERSION "0.1"
| #define PACKAGE_STRING "snn_sim 0.1"
| #define PACKAGE_BUGREPORT "alexey.chernushev@gmail.com"
| #define PACKAGE_URL ""
| #define PACKAGE "snn_sim"
| #define VERSION "0.1"
| /* end confdefs.h.  */
| #include <ac_nonexistent.h>
configure:3866: checking for grep that handles long lines and -e
configure:3924: result: /bin/grep
configure:3929: checking for egrep
configure:3991: result: /bin/grep -E
configure:3996: checking for ANSI C header files
configure:4016: gcc -c -g -O2  conftest.c >&5
configure:4016: $? = 0
configure:4089: gcc -o conftest -g -O2   conftest.c  >&5
configure:4089: $? = 0
configure:4089: ./conftest
configure:4089: $? = 0
configure:4100: result: yes
configure:4113: checking for sys/types.h
configure:4113: gcc -c -g -O2  conftest.c >&5
configure:4113: $? = 0
configure:4113: result: yes
configure:4113: checking for sys/stat.h
configure:4113: gcc -c -g -O2  conftest.c >&5
configure:4113: $? = 0
configure:4113: result: yes
configure:4113: checking for stdlib.h
configure:4113: gcc -c -g -O2  conftest.c >&5
configure:4113: $? = 0
configure:4113: result: yes
configure:4113: checking for string.h
configure:4113: gcc -c -g -O2  conftest.c >&5
configure:4113: $? = 0
configure:4113: result: yes
configure:4113: checking for memory.h
configure:4113: gcc -c -g -O2  conftest.c >&5
configure:4113: $? = 0
configure:4113: result: yes
configure:4113: checking for strings.h
configure:4113: gcc -c -g -O2  conftest.c >&5
configure:4113: $? = 0
configure:4113: result: yes
configure:4113: checking for inttypes.h
configure:4113: gcc -c -g -O2  conftest.c >&5
configure:4113: $? = 0
configure:4113: result: yes
configure:4113: checking for stdint.h
configure:4113: gcc -c -g -O2  conftest.c >&5
configure:4113: $? = 0
configure:4113: result: yes
configure:4113: checking for unistd.h
configure:4113: gcc -c -g -O2  conftest.c >&5
configure:4113: $? = 0
configure:4113: result: yes
configure:4128: checking arpa/inet.h usability
configure:4128: gcc -c -g -O2  conftest.c >&5
configure:4128: $? = 0
configure:4128: result: yes
configure:4128: checking arpa/inet.h presence
configure:4128: gcc -E  conftest.c
configure:4128: $? = 0
configure:4128: result: yes
configure:4128: checking for arpa/inet.h
configure:4128: result: yes
configure:4128: checking netinet/in.h usability
configure:4128: gcc -c -g -O2  conftest.c >&5
configure:4128: $? = 0
configure:4128: result: yes
configure:4128: checking netinet/in.h presence
configure:4128: gcc -E  conftest.c
configure:4128: $? = 0
configure:4128: result: yes
configure:4128: checking for netinet/in.h
configure:4128: result: yes
configure:4128: checking stddef.h usability
configure:4128: gcc -c -g -O2  conftest.c >&5
configure:4128: $? = 0
configure:4128: result: yes
configure:4128: checking stddef.h presence
configure:4128: gcc -E  conftest.c
configure:4128: $? = 0
configure:4128: result: yes
configure:4128: checking for stddef.h
configure:4128: result: yes
configure:4128: checking for stdlib.h
configure:4128: result: yes
configure:4128: checking for string.h
configure:4128: result: yes
configure:4128: checking sys/socket.h usability
configure:4128: gcc -c -g -O2  conftest.c >&5
configure:4128: $? = 0
configure:4128: result: yes
configure:4128: checking sys/socket.h presence
configure:4128: gcc -E  conftest.c
configure:4128: $? = 0
configure:4128: result: yes
configure:4128: checking for sys/socket.h
configure:4128: result: yes
configure:4128: checking for unistd.h
configure:4128: result: yes
configure:4140: checking for size_t
configure:4140: gcc -c -g -O2  conftest.c >&5
configure:4140: $? = 0
configure:4140: gcc -c -g -O2  conftest.c >&5
conftest.c: In function 'main':
conftest.c:64:21: error: expected expression before ')' token
configure:4140: $? = 1
configure: failed program was:
| /* confdefs.h */
| #define PACKAGE_NAME "snn_sim"
| #define PACKAGE_TARNAME "snn_sim"
| #define PACKAGE_VERSION "0.1"
| #define PACKAGE_STRING "snn_sim 0.1"
| #define PACKAGE_BUGREPORT "alexey.chernushev@gmail.com"
| #define PACKAGE_URL ""
| #define PACKAGE "snn_sim"
| #define VERSION "0.1"
| #define STDC_HEADERS 1
| #define HAVE_SYS_TYPES_H 1
| #define HAVE_SYS_STAT_H 1
| #define HAVE_STDLIB_H 1
| #define HAVE_STRING_H 1
| #define HAVE_MEMORY_H 1
| #define HAVE_STRINGS_H 1
| #define HAVE_INTTYPES_H 1
| #define HAVE_STDINT_H 1
| #define HAVE_UNISTD_H 1
| #define HAVE_ARPA_INET_H 1
| #define HAVE_NETINET_IN_H 1
| #define HAVE_STDDEF_H 1
| #define HAVE_STDLIB_H 1
| #define HAVE_STRING_H 1
| #define HAVE_SYS_SOCKET_H 1
| #define HAVE_UNISTD_H 1
| /* end confdefs.h.  */
| #include <stdio.h>
| #ifdef HAVE_SYS_TYPES_H
| # include <sys/types.h>
| #endif
| #ifdef HAVE_SYS_STAT_H
| # include <sys/stat.h>
| #endif
| #ifdef STDC_HEADERS
| # include <stdlib.h>
| # include <stddef.h>
| #else
| # ifdef HAVE_STDLIB_H
| #  include <stdlib.h>
| # endif
| #endif
| #ifdef HAVE_STRING_H
| # if !defined STDC_HEADERS && defined HAVE_MEMORY_H
| #  include <memory.h>
| # endif
| # include <string.h>
| #endif
| #ifdef HAVE_STRINGS_H
| # include <strings.h>
| #endif
| #ifdef HAVE_INTTYPES_H
| # include <inttypes.h>
| #endif
| #ifdef HAVE_STDINT_H
| # include <stdint.h>
| #endif
| #ifdef HAVE_UNISTD_H
| # include <unistd.h>
| #endif
| int
| main ()
| {
| if (sizeof ((size_t)))
| 	    return 0;
|   ;
|   return 0;
| }
configure:4140: result: yes
configure:4155: checking for stdlib.h
configure:4155: result: yes
configure:4165: checking for GNU libc compatible malloc
configure:4189: gcc -o conftest -g -O2   conftest.c  >&5
configure:4189: $? = 0
configure:4189: ./conftest
configure:4189: $? = 0
configure:4199: result: yes
configure:4222: checking for stdlib.h
configure:4222: result: yes
configure:4232: checking for GNU libc compatible realloc
configure:4256: gcc -o conftest -g -O2   conftest.c  >&5
configure:4256: $? = 0
configure:4256: ./conftest
configure:4256: $? = 0
configure:4266: result: yes
configure:4290: checking for inet_ntoa
configure:4290: gcc -o conftest -g -O2   conftest.c  >&5
configure:4290: $? = 0
configure:4290: result: yes
configure:4290: checking for socket
configure:4290: gcc -o conftest -g -O2   conftest.c  >&5
configure:4290: $? = 0
configure:4290: result: yes
configure:4329: checking build system type
configure:4343: result: x86_64-unknown-linux-gnu
configure:4363: checking host system type
configure:4376: result: x86_64-unknown-linux-gnu
configure:4417: checking how to print strings
configure:4444: result: printf
configure:4465: checking for a sed that does not truncate output
configure:4529: result: /bin/sed
configure:4547: checking for fgrep
configure:4609: result: /bin/grep -F
configure:4644: checking for ld used by gcc
configure:4711: result: /usr/bin/ld
configure:4718: checking if the linker (/usr/bin/ld) is GNU ld
configure:4733: result: yes
configure:4745: checking for BSD- or MS-compatible name lister (nm)
configure:4794: result: /usr/bin/nm -B
configure:4924: checking the name lister (/usr/bin/nm -B) interface
configure:4931: gcc -c -g -O2  conftest.c >&5
configure:4934: /usr/bin/nm -B "conftest.o"
configure:4937: output
0000000000000000 B some_variable
configure:4944: result: BSD nm
configure:4947: checking whether ln -s works
configure:4951: result: yes
configure:4959: checking the maximum length of command line arguments
configure:5089: result: 3458764513820540925
configure:5106: checking whether the shell understands some XSI constructs
configure:5116: result: yes
configure:5120: checking whether the shell understands "+="
configure:5126: result: yes
configure:5161: checking how to convert x86_64-unknown-linux-gnu file names to x86_64-unknown-linux-gnu format
configure:5201: result: func_convert_file_noop
configure:5208: checking how to convert x86_64-unknown-linux-gnu file names to toolchain format
configure:5228: result: func_convert_file_noop
configure:5235: checking for /usr/bin/ld option to reload object files
configure:5242: result: -r
configure:5316: checking for objdump
configure:5332: found /usr/bin/objdump
configure:5343: result: objdump
configure:5375: checking how to recognize dependent libraries
configure:5577: result: pass_all
configure:5662: checking for dlltool
configure:5692: result: no
configure:5722: checking how to associate runtime and link libraries
configure:5749: result: printf %s\n
configure:5809: checking for ar
configure:5825: found /usr/bin/ar
configure:5836: result: ar
configure:5873: checking for archiver @FILE support
configure:5890: gcc -c -g -O2  conftest.c >&5
configure:5890: $? = 0
configure:5893: ar cru libconftest.a @conftest.lst >&5
configure:5896: $? = 0
configure:5901: ar cru libconftest.a @conftest.lst >&5
ar: conftest.o: No such file or directory
configure:5904: $? = 1
configure:5916: result: @
configure:5974: checking for strip
configure:5990: found /usr/bin/strip
configure:6001: result: strip
configure:6073: checking for ranlib
configure:6089: found /usr/bin/ranlib
configure:6100: result: ranlib
configure:6202: checking command to parse /usr/bin/nm -B output from gcc object
configure:6322: gcc -c -g -O2  conftest.c >&5
configure:6325: $? = 0
configure:6329: /usr/bin/nm -B conftest.o \| sed -n -e 's/^.*[ ]\([ABCDGIRSTW][ABCDGIRSTW]*\)[ ][ ]*\([_A-Za-z][_A-Za-z0-9]*\)$/\1 \2 \2/p' | sed '/ __gnu_lto/d' \> conftest.nm
configure:6332: $? = 0
configure:6398: gcc -o conftest -g -O2   conftest.c conftstm.o >&5
configure:6401: $? = 0
configure:6439: result: ok
configure:6476: checking for sysroot
configure:6506: result: no
configure:6583: gcc -c -g -O2  conftest.c >&5
configure:6586: $? = 0
configure:6762: checking for mt
configure:6778: found /bin/mt
configure:6789: result: mt
configure:6812: checking if mt is a manifest tool
configure:6818: mt '-?'
configure:6826: result: no
configure:7465: checking for dlfcn.h
configure:7465: gcc -c -g -O2  conftest.c >&5
configure:7465: $? = 0
configure:7465: result: yes
configure:7671: checking for objdir
configure:7686: result: .libs
configure:7953: checking if gcc supports -fno-rtti -fno-exceptions
configure:7971: gcc -c -g -O2  -fno-rtti -fno-exceptions conftest.c >&5
cc1: warning: command line option '-fno-rtti' is valid for C++/ObjC++ but not for C [enabled by default]
configure:7975: $? = 0
configure:7988: result: no
configure:8315: checking for gcc option to produce PIC
configure:8322: result: -fPIC -DPIC
configure:8330: checking if gcc PIC flag -fPIC -DPIC works
configure:8348: gcc -c -g -O2  -fPIC -DPIC -DPIC conftest.c >&5
configure:8352: $? = 0
configure:8365: result: yes
configure:8394: checking if gcc static flag -static works
configure:8422: result: yes
configure:8437: checking if gcc supports -c -o file.o
configure:8458: gcc -c -g -O2  -o out/conftest2.o conftest.c >&5
configure:8462: $? = 0
configure:8484: result: yes
configure:8492: checking if gcc supports -c -o file.o
configure:8539: result: yes
configure:8572: checking whether the gcc linker (/usr/bin/ld -m elf_x86_64) supports shared libraries
configure:9729: result: yes
configure:9766: checking whether -lc should be explicitly linked in
configure:9774: gcc -c -g -O2  conftest.c >&5
configure:9777: $? = 0
configure:9792: gcc -shared  -fPIC -DPIC conftest.o  -v -Wl,-soname -Wl,conftest -o conftest 2\>\&1 \| /bin/grep  -lc  \>/dev/null 2\>\&1
configure:9795: $? = 0
configure:9809: result: no
configure:9969: checking dynamic linker characteristics
configure:10480: gcc -o conftest -g -O2   -Wl,-rpath -Wl,/foo conftest.c  >&5
configure:10480: $? = 0
configure:10714: result: GNU/Linux ld.so
configure:10821: checking how to hardcode library paths into programs
configure:10846: result: immediate
configure:11386: checking whether stripping libraries is possible
configure:11391: result: yes
configure:11426: checking if libtool supports shared libraries
configure:11428: result: yes
configure:11431: checking whether to build shared libraries
configure:11452: result: yes
configure:11455: checking whether to build static libraries
configure:11459: result: yes
configure:11665: creating ./config.status

## ---------------- ##
## Cache variables. ##
## ---------------- ##

ac_cv_build=x86_64-unknown-linux-gnu
ac_cv_c_compiler_gnu=yes
ac_cv_env_CC_set=
ac_cv_env_CC_value=
ac_cv_env_CFLAGS_set=
ac_cv_env_CFLAGS_value=
ac_cv_env_CPPFLAGS_set=
ac_cv_env_CPPFLAGS_value=
ac_cv_env_CPP_set=
ac_cv_env_CPP_value=
ac_cv_env_LDFLAGS_set=
ac_cv_env_LDFLAGS_value=
ac_cv_env_LIBS_set=
ac_cv_env_LIBS_value=
ac_cv_env_build_alias_set=
ac_cv_env_build_alias_value=
ac_cv_env_host_alias_set=
ac_cv_env_host_alias_value=
ac_cv_env_target_alias_set=
ac_cv_env_target_alias_value=
ac_cv_func_inet_ntoa=yes
ac_cv_func_malloc_0_nonnull=yes
ac_cv_func_realloc_0_nonnull=yes
ac_cv_func_socket=yes
ac_cv_header_arpa_inet_h=yes
ac_cv_header_dlfcn_h=yes
ac_cv_header_inttypes_h=yes
ac_cv_header_memory_h=yes
ac_cv_header_netinet_in_h=yes
ac_cv_header_stdc=yes
ac_cv_header_stddef_h=yes
ac_cv_header_stdint_h=yes
ac_cv_header_stdlib_h=yes
ac_cv_header_string_h=yes
ac_cv_header_strings_h=yes
ac_cv_header_sys_socket_h=yes
ac_cv_header_sys_stat_h=yes
ac_cv_header_sys_types_h=yes
ac_cv_header_unistd_h=yes
ac_cv_host=x86_64-unknown-linux-gnu
ac_cv_objext=o
ac_cv_path_EGREP='/bin/grep -E'
ac_cv_path_FGREP='/bin/grep -F'
ac_cv_path_GREP=/bin/grep
ac_cv_path_SED=/bin/sed
ac_cv_path_install='/usr/bin/install -c'
ac_cv_path_mkdir=/bin/mkdir
ac_cv_prog_AWK=gawk
ac_cv_prog_CPP='gcc -E'
ac_cv_prog_ac_ct_AR=ar
ac_cv_prog_ac_ct_CC=gcc
ac_cv_prog_ac_ct_MANIFEST_TOOL=mt
ac_cv_prog_ac_ct_OBJDUMP=objdump
ac_cv_prog_ac_ct_RANLIB=ranlib
ac_cv_prog_ac_ct_STRIP=strip
ac_cv_prog_cc_c89=
ac_cv_prog_cc_g=yes
ac_cv_prog_make_make_set=yes
ac_cv_type_size_t=yes
am_cv_CC_dependencies_compiler_type=gcc3
lt_cv_ar_at_file=@
lt_cv_archive_cmds_need_lc=no
lt_cv_deplibs_check_method=pass_all
lt_cv_file_magic_cmd='$MAGIC_CMD'
lt_cv_file_magic_test_file=
lt_cv_ld_reload_flag=-r
lt_cv_nm_interface='BSD nm'
lt_cv_objdir=.libs
lt_cv_path_LD=/usr/bin/ld
lt_cv_path_NM='/usr/bin/nm -B'
lt_cv_path_mainfest_tool=no
lt_cv_prog_compiler_c_o=yes
lt_cv_prog_compiler_pic='-fPIC -DPIC'
lt_cv_prog_compiler_pic_works=yes
lt_cv_prog_compiler_rtti_exceptions=no
lt_cv_prog_compiler_static_works=yes
lt_cv_prog_gnu_ld=yes
lt_cv_sharedlib_from_linklib_cmd='printf %s\n'
lt_cv_shlibpath_overrides_runpath=no
lt_cv_sys_global_symbol_pipe='sed -n -e '\''s/^.*[	 ]\([ABCDGIRSTW][ABCDGIRSTW]*\)[	 ][	 ]*\([_A-Za-z][_A-Za-z0-9]*\)$/\1 \2 \2/p'\'' | sed '\''/ __gnu_lto/d'\'''
lt_cv_sys_global_symbol_to_c_name_address='sed -n -e '\''s/^: \([^ ]*\)[ ]*$/  {\"\1\", (void *) 0},/p'\'' -e '\''s/^[ABCDGIRSTW]* \([^ ]*\) \([^ ]*\)$/  {"\2", (void *) \&\2},/p'\'''
lt_cv_sys_global_symbol_to_c_name_address_lib_prefix='sed -n -e '\''s/^: \([^ ]*\)[ ]*$/  {\"\1\", (void *) 0},/p'\'' -e '\''s/^[ABCDGIRSTW]* \([^ ]*\) \(lib[^ ]*\)$/  {"\2", (void *) \&\2},/p'\'' -e '\''s/^[ABCDGIRSTW]* \([^ ]*\) \([^ ]*\)$/  {"lib\2", (void *) \&\2},/p'\'''
lt_cv_sys_global_symbol_to_cdecl='sed -n -e '\''s/^T .* \(.*\)$/extern int \1();/p'\'' -e '\''s/^[ABCDGIRSTW]* .* \(.*\)$/extern char \1;/p'\'''
lt_cv_sys_max_cmd_len=3458764513820540925
lt_cv_to_host_file_cmd=func_convert_file_noop
lt_cv_to_tool_file_cmd=func_convert_file_noop

## ----------------- ##
## Output variables. ##
## ----------------- ##

ACLOCAL='${SHELL} /home/alexeyche/prog/alexeyche-junk/cns/c/missing --run aclocal-1.11'
AMDEPBACKSLASH='\'
AMDEP_FALSE='#'
AMDEP_TRUE=''
AMTAR='$${TAR-tar}'
AR='ar'
AUTOCONF='${SHELL} /home/alexeyche/prog/alexeyche-junk/cns/c/missing --run autoconf'
AUTOHEADER='${SHELL} /home/alexeyche/prog/alexeyche-junk/cns/c/missing --run autoheader'
AUTOMAKE='${SHELL} /home/alexeyche/prog/alexeyche-junk/cns/c/missing --run automake-1.11'
AWK='gawk'
CC='gcc'
CCDEPMODE='depmode=gcc3'
CFLAGS='-g -O2'
CPP='gcc -E'
CPPFLAGS=''
CYGPATH_W='echo'
DEFS='-DPACKAGE_NAME=\"snn_sim\" -DPACKAGE_TARNAME=\"snn_sim\" -DPACKAGE_VERSION=\"0.1\" -DPACKAGE_STRING=\"snn_sim\ 0.1\" -DPACKAGE_BUGREPORT=\"alexey.chernushev@gmail.com\" -DPACKAGE_URL=\"\" -DPACKAGE=\"snn_sim\" -DVERSION=\"0.1\" -DSTDC_HEADERS=1 -DHAVE_SYS_TYPES_H=1 -DHAVE_SYS_STAT_H=1 -DHAVE_STDLIB_H=1 -DHAVE_STRING_H=1 -DHAVE_MEMORY_H=1 -DHAVE_STRINGS_H=1 -DHAVE_INTTYPES_H=1 -DHAVE_STDINT_H=1 -DHAVE_UNISTD_H=1 -DHAVE_ARPA_INET_H=1 -DHAVE_NETINET_IN_H=1 -DHAVE_STDDEF_H=1 -DHAVE_STDLIB_H=1 -DHAVE_STRING_H=1 -DHAVE_SYS_SOCKET_H=1 -DHAVE_UNISTD_H=1 -DHAVE_STDLIB_H=1 -DHAVE_MALLOC=1 -DHAVE_STDLIB_H=1 -DHAVE_REALLOC=1 -DHAVE_INET_NTOA=1 -DHAVE_SOCKET=1 -DHAVE_DLFCN_H=1 -DLT_OBJDIR=\".libs/\"'
DEPDIR='.deps'
DLLTOOL='false'
DSYMUTIL=''
DUMPBIN=''
ECHO_C=''
ECHO_N='-n'
ECHO_T=''
EGREP='/bin/grep -E'
EXEEXT=''
FGREP='/bin/grep -F'
GREP='/bin/grep'
INSTALL_DATA='${INSTALL} -m 644'
INSTALL_PROGRAM='${INSTALL}'
INSTALL_SCRIPT='${INSTALL}'
INSTALL_STRIP_PROGRAM='$(install_sh) -c -s'
LD='/usr/bin/ld -m elf_x86_64'
LDFLAGS=''
LIBOBJS=''
LIBS=''
LIBTOOL='$(SHELL) $(top_builddir)/libtool'
LIPO=''
LN_S='ln -s'
LTLIBOBJS=''
MAKEINFO='${SHELL} /home/alexeyche/prog/alexeyche-junk/cns/c/missing --run makeinfo'
MANIFEST_TOOL=':'
MKDIR_P='/bin/mkdir -p'
NM='/usr/bin/nm -B'
NMEDIT=''
OBJDUMP='objdump'
OBJEXT='o'
OTOOL64=''
OTOOL=''
PACKAGE='snn_sim'
PACKAGE_BUGREPORT='alexey.chernushev@gmail.com'
PACKAGE_NAME='snn_sim'
PACKAGE_STRING='snn_sim 0.1'
PACKAGE_TARNAME='snn_sim'
PACKAGE_URL=''
PACKAGE_VERSION='0.1'
PATH_SEPARATOR=':'
RANLIB='ranlib'
SED='/bin/sed'
SET_MAKE=''
SHELL='/bin/bash'
STRIP='strip'
VERSION='0.1'
ac_ct_AR='ar'
ac_ct_CC='gcc'
ac_ct_DUMPBIN=''
am__EXEEXT_FALSE=''
am__EXEEXT_TRUE='#'
am__fastdepCC_FALSE='#'
am__fastdepCC_TRUE=''
am__include='include'
am__isrc=''
am__leading_dot='.'
am__nodep='_no'
am__quote=''
am__tar='$${TAR-tar} chof - "$$tardir"'
am__untar='$${TAR-tar} xf -'
bindir='${exec_prefix}/bin'
build='x86_64-unknown-linux-gnu'
build_alias=''
build_cpu='x86_64'
build_os='linux-gnu'
build_vendor='unknown'
datadir='${datarootdir}'
datarootdir='${prefix}/share'
docdir='${datarootdir}/doc/${PACKAGE_TARNAME}'
dvidir='${docdir}'
exec_prefix='${prefix}'
host='x86_64-unknown-linux-gnu'
host_alias=''
host_cpu='x86_64'
host_os='linux-gnu'
host_vendor='unknown'
htmldir='${docdir}'
includedir='${prefix}/include'
infodir='${datarootdir}/info'
install_sh='${SHELL} /home/alexeyche/prog/alexeyche-junk/cns/c/install-sh'
libdir='${exec_prefix}/lib'
libexecdir='${exec_prefix}/libexec'
localedir='${datarootdir}/locale'
localstatedir='${prefix}/var'
mandir='${datarootdir}/man'
mkdir_p='/bin/mkdir -p'
oldincludedir='/usr/include'
pdfdir='${docdir}'
prefix='/usr/local'
program_transform_name='s,x,x,'
psdir='${docdir}'
sbindir='${exec_prefix}/sbin'
sharedstatedir='${prefix}/com'
sysconfdir='${prefix}/etc'
target_alias=''

## ----------- ##
## confdefs.h. ##
## ----------- ##

/* confdefs.h */
#define PACKAGE_NAME "snn_sim"
#define PACKAGE_TARNAME "snn_sim"
#define PACKAGE_VERSION "0.1"
#define PACKAGE_STRING "snn_sim 0.1"
#define PACKAGE_BUGREPORT "alexey.chernushev@gmail.com"
#define PACKAGE_URL ""
#define PACKAGE "snn_sim"
#define VERSION "0.1"
#define STDC_HEADERS 1
#define HAVE_SYS_TYPES_H 1
#define HAVE_SYS_STAT_H 1
#define HAVE_STDLIB_H 1
#define HAVE_STRING_H 1
#define HAVE_MEMORY_H 1
#define HAVE_STRINGS_H 1
#define HAVE_INTTYPES_H 1
#define HAVE_STDINT_H 1
#define HAVE_UNISTD_H 1
#define HAVE_ARPA_INET_H 1
#define HAVE_NETINET_IN_H 1
#define HAVE_STDDEF_H 1
#define HAVE_STDLIB_H 1
#define HAVE_STRING_H 1
#define HAVE_SYS_SOCKET_H 1
#define HAVE_UNISTD_H 1
#define HAVE_STDLIB_H 1
#define HAVE_MALLOC 1
#define HAVE_STDLIB_H 1
#define HAVE_REALLOC 1
#define HAVE_INET_NTOA 1
#define HAVE_SOCKET 1
#define HAVE_DLFCN_H 1
#define LT_OBJDIR ".libs/"

configure: exit 0

## ---------------------- ##
## Running config.status. ##
## ---------------------- ##

This file was extended by snn_sim config.status 0.1, which was
generated by GNU Autoconf 2.68.  Invocation command line was

  CONFIG_FILES    = 
  CONFIG_HEADERS  = 
  CONFIG_LINKS    = 
  CONFIG_COMMANDS = 
  $ ./config.status 

on alexeyche-lat

config.status:1013: creating Makefile
config.status:1013: creating snn_sim/Makefile
config.status:1185: executing depfiles commands
config.status:1185: executing libtool commands

## ---------------------- ##
## Running config.status. ##
## ---------------------- ##

This file was extended by snn_sim config.status 0.1, which was
generated by GNU Autoconf 2.68.  Invocation command line was

  CONFIG_FILES    = 
  CONFIG_HEADERS  = 
  CONFIG_LINKS    = 
  CONFIG_COMMANDS = 
  $ ./config.status snn_sim/Makefile depfiles

on alexeyche-lat

config.status:1013: creating snn_sim/Makefile
config.status:1185: executing depfiles commands

## ---------------------- ##
## Running config.status. ##
## ---------------------- ##

This file was extended by snn_sim config.status 0.1, which was
generated by GNU Autoconf 2.68.  Invocation command line was

  CONFIG_FILES    = 
  CONFIG_HEADERS  = 
  CONFIG_LINKS    = 
  CONFIG_COMMANDS = 
  $ ./config.status snn_sim/Makefile depfiles

on alexeyche-lat

config.status:1013: creating snn_sim/Makefile
config.status:1185: executing depfiles commands

## ---------------------- ##
## Running config.status. ##
## ---------------------- ##

This file was extended by snn_sim config.status 0.1, which was
generated by GNU Autoconf 2.68.  Invocation command line was

  CONFIG_FILES    = 
  CONFIG_HEADERS  = 
  CONFIG_LINKS    = 
  CONFIG_COMMANDS = 
  $ ./config.status Makefile

on alexeyche-lat

config.status:1013: creating Makefile

## ---------------------- ##
## Running config.status. ##
## ---------------------- ##

This file was extended by snn_sim config.status 0.1, which was
generated by GNU Autoconf 2.68.  Invocation command line was

  CONFIG_FILES    = 
  CONFIG_HEADERS  = 
  CONFIG_LINKS    = 
  CONFIG_COMMANDS = 
  $ ./config.status snn_sim/Makefile depfiles

on alexeyche-lat

config.status:1013: creating snn_sim/Makefile
config.status:1185: executing depfiles commands
